# JRE version: Java(TM) SE Runtime Environment (8.0_91-b15) (build 1.8.0_91-b15)
# Java VM: Java HotSpot(TM) 64-Bit Server VM (25.91-b15 mixed mode windows-amd64 compressed oops)
Heap:
 PSYoungGen      total 86528K, used 82126K [0x0000000780980000, 0x00000007afb80000, 0x00000007c0000000)
  eden space 85504K, 95% used [0x0000000780980000,0x00000007858f3988,0x0000000785d00000)
  from space 1024K, 75% used [0x00000007afa80000,0x00000007afb40000,0x00000007afb80000)
  to   space 1536K, 0% used [0x00000007af880000,0x00000007af880000,0x00000007afa00000)
 ParOldGen       total 142336K, used 53711K [0x0000000701c00000, 0x000000070a700000, 0x0000000780980000)
  object space 142336K, 37% used [0x0000000701c00000,0x0000000705073ff8,0x000000070a700000)
 Metaspace       used 73141K, capacity 78162K, committed 78336K, reserved 1116160K
  class space    used 10413K, capacity 11238K, committed 11264K, reserved 1048576K
GC Heap History (10 events):
Event: 36621.505 GC heap before
{Heap before GC invocations=85 (full 3):
 PSYoungGen      total 97280K, used 96077K [0x0000000780980000, 0x00000007afe00000, 0x00000007c0000000)
  eden space 95232K, 100% used [0x0000000780980000,0x0000000786680000,0x0000000786680000)
  from space 2048K, 41% used [0x00000007afa80000,0x00000007afb535d8,0x00000007afc80000)
  to   space 1536K, 0% used [0x00000007afc80000,0x00000007afc80000,0x00000007afe00000)
 ParOldGen       total 142336K, used 53711K [0x0000000701c00000, 0x000000070a700000, 0x0000000780980000)
  object space 142336K, 37% used [0x0000000701c00000,0x0000000705073ff8,0x000000070a700000)
 Metaspace       used 73141K, capacity 78162K, committed 78336K, reserved 1116160K
  class space    used 10413K, capacity 11238K, committed 11264K, reserved 1048576K
Event: 36621.513 GC heap after
Heap after GC invocations=85 (full 3):
 PSYoungGen      total 94208K, used 768K [0x0000000780980000, 0x00000007afd80000, 0x00000007c0000000)
  eden space 93184K, 0% used [0x0000000780980000,0x0000000780980000,0x0000000786480000)
  from space 1024K, 75% used [0x00000007afc80000,0x00000007afd40000,0x00000007afd80000)
  to   space 1536K, 0% used [0x00000007afa80000,0x00000007afa80000,0x00000007afc00000)
 ParOldGen       total 142336K, used 53711K [0x0000000701c00000, 0x000000070a700000, 0x0000000780980000)
  object space 142336K, 37% used [0x0000000701c00000,0x0000000705073ff8,0x000000070a700000)
 Metaspace       used 73141K, capacity 78162K, committed 78336K, reserved 1116160K
  class space    used 10413K, capacity 11238K, committed 11264K, reserved 1048576K
}
Event: 36752.419 GC heap before
{Heap before GC invocations=86 (full 3):
 PSYoungGen      total 94208K, used 93952K [0x0000000780980000, 0x00000007afd80000, 0x00000007c0000000)
  eden space 93184K, 100% used [0x0000000780980000,0x0000000786480000,0x0000000786480000)
  from space 1024K, 75% used [0x00000007afc80000,0x00000007afd40000,0x00000007afd80000)
  to   space 1536K, 0% used [0x00000007afa80000,0x00000007afa80000,0x00000007afc00000)
 ParOldGen       total 142336K, used 53711K [0x0000000701c00000, 0x000000070a700000, 0x0000000780980000)
  object space 142336K, 37% used [0x0000000701c00000,0x0000000705073ff8,0x000000070a700000)
 Metaspace       used 73141K, capacity 78162K, committed 78336K, reserved 1116160K
  class space    used 10413K, capacity 11238K, committed 11264K, reserved 1048576K
Event: 36752.440 GC heap after
Heap after GC invocations=86 (full 3):
 PSYoungGen      total 92160K, used 736K [0x0000000780980000, 0x00000007afd00000, 0x00000007c0000000)
  eden space 91136K, 0% used [0x0000000780980000,0x0000000780980000,0x0000000786280000)
  from space 1024K, 71% used [0x00000007afa80000,0x00000007afb38000,0x00000007afb80000)
  to   space 1536K, 0% used [0x00000007afb80000,0x00000007afb80000,0x00000007afd00000)
 ParOldGen       total 142336K, used 53711K [0x0000000701c00000, 0x000000070a700000, 0x0000000780980000)
  object space 142336K, 37% used [0x0000000701c00000,0x0000000705073ff8,0x000000070a700000)
 Metaspace       used 73141K, capacity 78162K, committed 78336K, reserved 1116160K
  class space    used 10413K, capacity 11238K, committed 11264K, reserved 1048576K
}
Event: 36880.694 GC heap before
{Heap before GC invocations=87 (full 3):
 PSYoungGen      total 92160K, used 91872K [0x0000000780980000, 0x00000007afd00000, 0x00000007c0000000)
  eden space 91136K, 100% used [0x0000000780980000,0x0000000786280000,0x0000000786280000)
  from space 1024K, 71% used [0x00000007afa80000,0x00000007afb38000,0x00000007afb80000)
  to   space 1536K, 0% used [0x00000007afb80000,0x00000007afb80000,0x00000007afd00000)
 ParOldGen       total 142336K, used 53711K [0x0000000701c00000, 0x000000070a700000, 0x0000000780980000)
  object space 142336K, 37% used [0x0000000701c00000,0x0000000705073ff8,0x000000070a700000)
 Metaspace       used 73141K, capacity 78162K, committed 78336K, reserved 1116160K
  class space    used 10413K, capacity 11238K, committed 11264K, reserved 1048576K
Event: 36880.701 GC heap after
Heap after GC invocations=87 (full 3):
 PSYoungGen      total 90112K, used 768K [0x0000000780980000, 0x00000007afc80000, 0x00000007c0000000)
  eden space 89088K, 0% used [0x0000000780980000,0x0000000780980000,0x0000000786080000)
  from space 1024K, 75% used [0x00000007afb80000,0x00000007afc40000,0x00000007afc80000)
  to   space 1536K, 0% used [0x00000007af980000,0x00000007af980000,0x00000007afb00000)
 ParOldGen       total 142336K, used 53711K [0x0000000701c00000, 0x000000070a700000, 0x0000000780980000)
  object space 142336K, 37% used [0x0000000701c00000,0x0000000705073ff8,0x000000070a700000)
 Metaspace       used 73141K, capacity 78162K, committed 78336K, reserved 1116160K
  class space    used 10413K, capacity 11238K, committed 11264K, reserved 1048576K
}
Event: 37003.659 GC heap before
{Heap before GC invocations=88 (full 3):
 PSYoungGen      total 90112K, used 89856K [0x0000000780980000, 0x00000007afc80000, 0x00000007c0000000)
  eden space 89088K, 100% used [0x0000000780980000,0x0000000786080000,0x0000000786080000)
  from space 1024K, 75% used [0x00000007afb80000,0x00000007afc40000,0x00000007afc80000)
  to   space 1536K, 0% used [0x00000007af980000,0x00000007af980000,0x00000007afb00000)
 ParOldGen       total 142336K, used 53711K [0x0000000701c00000, 0x000000070a700000, 0x0000000780980000)
  object space 142336K, 37% used [0x0000000701c00000,0x0000000705073ff8,0x000000070a700000)
 Metaspace       used 73141K, capacity 78162K, committed 78336K, reserved 1116160K
  class space    used 10413K, capacity 11238K, committed 11264K, reserved 1048576K
Event: 37003.664 GC heap after
Heap after GC invocations=88 (full 3):
 PSYoungGen      total 88064K, used 768K [0x0000000780980000, 0x00000007afc00000, 0x00000007c0000000)
  eden space 87040K, 0% used [0x0000000780980000,0x0000000780980000,0x0000000785e80000)
  from space 1024K, 75% used [0x00000007af980000,0x00000007afa40000,0x00000007afa80000)
  to   space 1536K, 0% used [0x00000007afa80000,0x00000007afa80000,0x00000007afc00000)
 ParOldGen       total 142336K, used 53711K [0x0000000701c00000, 0x000000070a700000, 0x0000000780980000)
  object space 142336K, 37% used [0x0000000701c00000,0x0000000705073ff8,0x000000070a700000)
 Metaspace       used 73141K, capacity 78162K, committed 78336K, reserved 1116160K
  class space    used 10413K, capacity 11238K, committed 11264K, reserved 1048576K
}
Event: 37125.260 GC heap before
{Heap before GC invocations=89 (full 3):
 PSYoungGen      total 88064K, used 87808K [0x0000000780980000, 0x00000007afc00000, 0x00000007c0000000)
  eden space 87040K, 100% used [0x0000000780980000,0x0000000785e80000,0x0000000785e80000)
  from space 1024K, 75% used [0x00000007af980000,0x00000007afa40000,0x00000007afa80000)
  to   space 1536K, 0% used [0x00000007afa80000,0x00000007afa80000,0x00000007afc00000)
 ParOldGen       total 142336K, used 53711K [0x0000000701c00000, 0x000000070a700000, 0x0000000780980000)
  object space 142336K, 37% used [0x0000000701c00000,0x0000000705073ff8,0x000000070a700000)
 Metaspace       used 73141K, capacity 78162K, committed 78336K, reserved 1116160K
  class space    used 10413K, capacity 11238K, committed 11264K, reserved 1048576K
Event: 37125.270 GC heap after
Heap after GC invocations=89 (full 3):
 PSYoungGen      total 86528K, used 768K [0x0000000780980000, 0x00000007afb80000, 0x00000007c0000000)
  eden space 85504K, 0% used [0x0000000780980000,0x0000000780980000,0x0000000785d00000)
  from space 1024K, 75% used [0x00000007afa80000,0x00000007afb40000,0x00000007afb80000)
  to   space 1536K, 0% used [0x00000007af880000,0x00000007af880000,0x00000007afa00000)
 ParOldGen       total 142336K, used 53711K [0x0000000701c00000, 0x000000070a700000, 0x0000000780980000)
  object space 142336K, 37% used [0x0000000701c00000,0x0000000705073ff8,0x000000070a700000)
 Metaspace       used 73141K, capacity 78162K, committed 78336K, reserved 1116160K
  class space    used 10413K, capacity 11238K, committed 11264K, reserved 1048576K
}

